{"level":"INFO","time":"2024-03-31T15:59:32.117+0800","caller":"ginlog/ginlog.go:79","msg":"/health","status":200,"method":"GET","path":"/health","query":"","ip":"::1","user-agent":"Mozilla/5.0 (Macintosh; Intel Mac OS X 10_15_7) AppleWebKit/537.36 (KHTML, like Gecko) Chrome/123.0.0.0 Safari/537.36","errors":"","cost":0.000188916}
{"level":"INFO","time":"2024-03-31T15:59:32.203+0800","caller":"ginlog/ginlog.go:79","msg":"/favicon.ico","status":200,"method":"GET","path":"/favicon.ico","query":"","ip":"::1","user-agent":"Mozilla/5.0 (Macintosh; Intel Mac OS X 10_15_7) AppleWebKit/537.36 (KHTML, like Gecko) Chrome/123.0.0.0 Safari/537.36","errors":"","cost":0.008248125}
{"level":"INFO","time":"2024-03-31T15:59:41.944+0800","caller":"ginlog/ginlog.go:79","msg":"/health_check","status":200,"method":"GET","path":"/health_check","query":"","ip":"::1","user-agent":"Mozilla/5.0 (Macintosh; Intel Mac OS X 10_15_7) AppleWebKit/537.36 (KHTML, like Gecko) Chrome/123.0.0.0 Safari/537.36","errors":"","cost":0.000602875}
{"level":"INFO","time":"2024-03-31T15:59:48.977+0800","caller":"ginlog/ginlog.go:79","msg":"/health_check","status":200,"method":"GET","path":"/health_check","query":"","ip":"::1","user-agent":"Mozilla/5.0 (Macintosh; Intel Mac OS X 10_15_7) AppleWebKit/537.36 (KHTML, like Gecko) Chrome/123.0.0.0 Safari/537.36","errors":"","cost":0.001424792}
{"level":"INFO","time":"2024-03-31T16:00:18.130+0800","caller":"ginlog/ginlog.go:79","msg":"/health_check","status":200,"method":"GET","path":"/health_check","query":"","ip":"::1","user-agent":"Mozilla/5.0 (Macintosh; Intel Mac OS X 10_15_7) AppleWebKit/537.36 (KHTML, like Gecko) Chrome/123.0.0.0 Safari/537.36","errors":"","cost":0.002260125}
{"level":"INFO","time":"2024-03-31T16:01:14.046+0800","caller":"ginlog/ginlog.go:79","msg":"/health_check","status":200,"method":"GET","path":"/health_check","query":"","ip":"::1","user-agent":"Mozilla/5.0 (Macintosh; Intel Mac OS X 10_15_7) AppleWebKit/537.36 (KHTML, like Gecko) Chrome/123.0.0.0 Safari/537.36","errors":"","cost":0.000117375}
{"level":"INFO","time":"2024-03-31T16:02:32.200+0800","caller":"ginlog/ginlog.go:79","msg":"/health_check","status":200,"method":"GET","path":"/health_check","query":"","ip":"::1","user-agent":"Mozilla/5.0 (Macintosh; Intel Mac OS X 10_15_7) AppleWebKit/537.36 (KHTML, like Gecko) Chrome/123.0.0.0 Safari/537.36","errors":"","cost":0.000317125}
{"level":"INFO","time":"2024-04-01T13:32:16.032+0800","caller":"ginlog/ginlog.go:79","msg":"/health_check","status":200,"method":"GET","path":"/health_check","query":"","ip":"::1","user-agent":"Mozilla/5.0 (Macintosh; Intel Mac OS X 10_15_7) AppleWebKit/537.36 (KHTML, like Gecko) Chrome/123.0.0.0 Safari/537.36","errors":"","cost":0.000451583}
{"level":"INFO","time":"2024-04-01T14:23:16.337+0800","caller":"ginlog/ginlog.go:79","msg":"/create_table","status":200,"method":"POST","path":"/create_table","query":"","ip":"::1","user-agent":"PostmanRuntime/7.37.0","errors":"","cost":0.098888958}
{"level":"INFO","time":"2024-04-01T14:59:24.097+0800","caller":"ginlog/ginlog.go:79","msg":"/create_table","status":200,"method":"POST","path":"/create_table","query":"","ip":"::1","user-agent":"PostmanRuntime/7.37.0","errors":"","cost":0.083611}
{"level":"INFO","time":"2024-04-01T15:01:51.664+0800","caller":"ginlog/ginlog.go:79","msg":"*","status":200,"method":"PRI","path":"*","query":"","ip":"127.0.0.1","user-agent":"","errors":"","cost":0.00921075}
{"level":"INFO","time":"2024-04-01T15:01:51.664+0800","caller":"ginlog/ginlog.go:79","msg":"*","status":200,"method":"PRI","path":"*","query":"","ip":"::1","user-agent":"","errors":"","cost":0.009335833}
{"level":"INFO","time":"2024-04-01T15:03:12.645+0800","caller":"ginlog/ginlog.go:79","msg":"/create_table","status":200,"method":"POST","path":"/create_table","query":"","ip":"::1","user-agent":"PostmanRuntime/7.37.0","errors":"","cost":0.07902}
{"level":"INFO","time":"2024-04-01T15:11:19.742+0800","caller":"ginlog/ginlog.go:79","msg":"/create_table","status":200,"method":"POST","path":"/create_table","query":"","ip":"::1","user-agent":"PostmanRuntime/7.37.0","errors":"","cost":0.086815167}
{"level":"INFO","time":"2024-04-01T15:22:20.642+0800","caller":"ginlog/ginlog.go:79","msg":"/create_table","status":401,"method":"POST","path":"/create_table","query":"","ip":"::1","user-agent":"PostmanRuntime/7.37.0","errors":"","cost":0.000645584}
{"level":"INFO","time":"2024-04-01T15:22:32.307+0800","caller":"ginlog/ginlog.go:79","msg":"/create_table","status":401,"method":"POST","path":"/create_table","query":"","ip":"::1","user-agent":"PostmanRuntime/7.37.0","errors":"","cost":0.000128709}
{"level":"INFO","time":"2024-04-01T15:22:40.084+0800","caller":"ginlog/ginlog.go:79","msg":"/create_table","status":401,"method":"POST","path":"/create_table","query":"","ip":"::1","user-agent":"PostmanRuntime/7.37.0","errors":"","cost":0.000146209}
{"level":"INFO","time":"2024-04-01T15:24:46.833+0800","caller":"ginlog/ginlog.go:79","msg":"/create_table","status":401,"method":"POST","path":"/create_table","query":"","ip":"::1","user-agent":"PostmanRuntime/7.37.0","errors":"","cost":0.000170583}
{"level":"INFO","time":"2024-04-01T15:25:54.094+0800","caller":"ginlog/ginlog.go:79","msg":"/create_table","status":401,"method":"POST","path":"/create_table","query":"","ip":"::1","user-agent":"PostmanRuntime/7.37.0","errors":"","cost":0.001762584}
{"level":"INFO","time":"2024-04-01T15:26:21.623+0800","caller":"ginlog/ginlog.go:79","msg":"/create_table","status":401,"method":"POST","path":"/create_table","query":"","ip":"::1","user-agent":"PostmanRuntime/7.37.0","errors":"","cost":0.000909958}
{"level":"INFO","time":"2024-04-01T15:27:06.194+0800","caller":"ginlog/ginlog.go:79","msg":"/create_table","status":401,"method":"POST","path":"/create_table","query":"","ip":"::1","user-agent":"PostmanRuntime/7.37.0","errors":"","cost":0.001809833}
{"level":"INFO","time":"2024-04-01T15:28:31.087+0800","caller":"ginlog/ginlog.go:79","msg":"/create_table","status":401,"method":"POST","path":"/create_table","query":"","ip":"::1","user-agent":"PostmanRuntime/7.37.0","errors":"","cost":0.00149075}
{"level":"INFO","time":"2024-04-01T15:30:40.852+0800","caller":"ginlog/ginlog.go:79","msg":"/create_table","status":200,"method":"POST","path":"/create_table","query":"","ip":"::1","user-agent":"PostmanRuntime/7.37.0","errors":"","cost":0.498340583}
{"level":"INFO","time":"2024-04-01T15:40:09.215+0800","caller":"ginlog/ginlog.go:79","msg":"/member/login","status":401,"method":"POST","path":"/member/login","query":"","ip":"::1","user-agent":"PostmanRuntime/7.37.0","errors":"","cost":0.168519458}
{"level":"INFO","time":"2024-04-01T15:40:41.463+0800","caller":"ginlog/ginlog.go:79","msg":"/member/register","status":500,"method":"POST","path":"/member/register","query":"","ip":"::1","user-agent":"PostmanRuntime/7.37.0","errors":"","cost":0.088927792}
{"level":"INFO","time":"2024-04-01T15:42:42.627+0800","caller":"ginlog/ginlog.go:79","msg":"/member/register","status":500,"method":"POST","path":"/member/register","query":"","ip":"::1","user-agent":"PostmanRuntime/7.37.0","errors":"","cost":0.091665208}
{"level":"INFO","time":"2024-04-01T15:43:20.682+0800","caller":"ginlog/ginlog.go:79","msg":"/member/register","status":500,"method":"POST","path":"/member/register","query":"","ip":"::1","user-agent":"PostmanRuntime/7.37.0","errors":"","cost":0.194903541}
{"level":"INFO","time":"2024-04-01T15:44:08.721+0800","caller":"ginlog/ginlog.go:79","msg":"/member/register","status":500,"method":"POST","path":"/member/register","query":"","ip":"::1","user-agent":"PostmanRuntime/7.37.0","errors":"","cost":0.458762583}
{"level":"INFO","time":"2024-04-01T15:45:27.214+0800","caller":"ginlog/ginlog.go:79","msg":"/create_table","status":401,"method":"POST","path":"/create_table","query":"","ip":"::1","user-agent":"PostmanRuntime/7.37.0","errors":"","cost":0.416569792}
{"level":"INFO","time":"2024-04-01T15:45:39.603+0800","caller":"ginlog/ginlog.go:79","msg":"/member/register","status":500,"method":"POST","path":"/member/register","query":"","ip":"::1","user-agent":"PostmanRuntime/7.37.0","errors":"","cost":0.173043958}
{"level":"INFO","time":"2024-04-01T15:45:58.104+0800","caller":"ginlog/ginlog.go:79","msg":"/member/register","status":500,"method":"POST","path":"/member/register","query":"","ip":"::1","user-agent":"PostmanRuntime/7.37.0","errors":"","cost":0.176569458}
{"level":"INFO","time":"2024-04-01T15:46:04.914+0800","caller":"ginlog/ginlog.go:79","msg":"/create_table","status":200,"method":"POST","path":"/create_table","query":"","ip":"::1","user-agent":"PostmanRuntime/7.37.0","errors":"","cost":0.884583791}
{"level":"INFO","time":"2024-04-01T15:46:13.467+0800","caller":"ginlog/ginlog.go:79","msg":"/member/register","status":500,"method":"POST","path":"/member/register","query":"","ip":"::1","user-agent":"PostmanRuntime/7.37.0","errors":"","cost":0.396049584}
{"level":"INFO","time":"2024-04-01T15:48:04.818+0800","caller":"ginlog/ginlog.go:79","msg":"/create_table","status":200,"method":"POST","path":"/create_table","query":"","ip":"::1","user-agent":"PostmanRuntime/7.37.0","errors":"","cost":0.515136125}
{"level":"INFO","time":"2024-04-01T15:48:09.114+0800","caller":"ginlog/ginlog.go:79","msg":"/member/register","status":200,"method":"POST","path":"/member/register","query":"","ip":"::1","user-agent":"PostmanRuntime/7.37.0","errors":"","cost":0.398989625}
{"level":"INFO","time":"2024-04-01T15:49:35.511+0800","caller":"ginlog/ginlog.go:79","msg":"/member/login","status":200,"method":"POST","path":"/member/login","query":"","ip":"::1","user-agent":"PostmanRuntime/7.37.0","errors":"","cost":0.2500145}
{"level":"INFO","time":"2024-04-01T15:50:30.666+0800","caller":"ginlog/ginlog.go:79","msg":"/member/login","status":200,"method":"POST","path":"/member/login","query":"","ip":"::1","user-agent":"PostmanRuntime/7.37.0","errors":"","cost":0.582058083}
{"level":"INFO","time":"2024-04-02T01:45:29.520+0800","caller":"ginlog/ginlog.go:79","msg":"/member/update_password","status":401,"method":"POST","path":"/member/update_password","query":"","ip":"::1","user-agent":"PostmanRuntime/7.37.0","errors":"","cost":0.0002305}
{"level":"INFO","time":"2024-04-02T01:45:45.937+0800","caller":"ginlog/ginlog.go:79","msg":"/member/login","status":200,"method":"POST","path":"/member/login","query":"","ip":"::1","user-agent":"PostmanRuntime/7.37.0","errors":"","cost":0.5642025}
{"level":"INFO","time":"2024-04-02T01:45:59.588+0800","caller":"ginlog/ginlog.go:79","msg":"/member/update_password","status":200,"method":"POST","path":"/member/update_password","query":"","ip":"::1","user-agent":"PostmanRuntime/7.37.0","errors":"","cost":0.080822541}
{"level":"INFO","time":"2024-04-02T01:46:22.645+0800","caller":"ginlog/ginlog.go:79","msg":"/member/login","status":200,"method":"POST","path":"/member/login","query":"","ip":"::1","user-agent":"PostmanRuntime/7.37.0","errors":"","cost":0.226574292}
{"level":"INFO","time":"2024-04-02T01:46:31.038+0800","caller":"ginlog/ginlog.go:79","msg":"/member/login","status":401,"method":"POST","path":"/member/login","query":"","ip":"::1","user-agent":"PostmanRuntime/7.37.0","errors":"","cost":0.148093125}
{"level":"INFO","time":"2024-04-02T01:46:33.803+0800","caller":"ginlog/ginlog.go:79","msg":"/member/login","status":200,"method":"POST","path":"/member/login","query":"","ip":"::1","user-agent":"PostmanRuntime/7.37.0","errors":"","cost":0.23245725}
{"level":"INFO","time":"2024-04-02T01:47:13.882+0800","caller":"ginlog/ginlog.go:79","msg":"/member/update_password","status":400,"method":"POST","path":"/member/update_password","query":"","ip":"::1","user-agent":"PostmanRuntime/7.37.0","errors":"","cost":0.080744334}
{"level":"INFO","time":"2024-04-02T01:47:35.233+0800","caller":"ginlog/ginlog.go:79","msg":"/member/update_password","status":401,"method":"POST","path":"/member/update_password","query":"","ip":"::1","user-agent":"PostmanRuntime/7.37.0","errors":"","cost":0.000246333}
{"level":"INFO","time":"2024-04-02T01:48:15.912+0800","caller":"ginlog/ginlog.go:79","msg":"/member/update_password","status":200,"method":"POST","path":"/member/update_password","query":"","ip":"::1","user-agent":"PostmanRuntime/7.37.0","errors":"","cost":0.843048666}
{"level":"INFO","time":"2024-04-02T01:48:22.447+0800","caller":"ginlog/ginlog.go:79","msg":"/member/login","status":401,"method":"POST","path":"/member/login","query":"","ip":"::1","user-agent":"PostmanRuntime/7.37.0","errors":"","cost":0.164339709}
{"level":"INFO","time":"2024-04-02T01:48:25.499+0800","caller":"ginlog/ginlog.go:79","msg":"/member/login","status":200,"method":"POST","path":"/member/login","query":"","ip":"::1","user-agent":"PostmanRuntime/7.37.0","errors":"","cost":0.248070875}
{"level":"INFO","time":"2024-04-02T01:48:31.209+0800","caller":"ginlog/ginlog.go:79","msg":"/member/update_password","status":500,"method":"POST","path":"/member/update_password","query":"","ip":"::1","user-agent":"PostmanRuntime/7.37.0","errors":"","cost":0.245457791}
{"level":"INFO","time":"2024-04-02T01:49:14.185+0800","caller":"ginlog/ginlog.go:79","msg":"/member/update_password","status":500,"method":"POST","path":"/member/update_password","query":"","ip":"::1","user-agent":"PostmanRuntime/7.37.0","errors":"","cost":0.533906667}
{"level":"INFO","time":"2024-04-02T01:50:26.298+0800","caller":"ginlog/ginlog.go:79","msg":"/member/update_password","status":500,"method":"POST","path":"/member/update_password","query":"","ip":"::1","user-agent":"PostmanRuntime/7.37.0","errors":"","cost":0.5667655}
{"level":"INFO","time":"2024-04-02T01:50:28.376+0800","caller":"ginlog/ginlog.go:79","msg":"/member/login","status":200,"method":"POST","path":"/member/login","query":"","ip":"::1","user-agent":"PostmanRuntime/7.37.0","errors":"","cost":0.23831875}
{"level":"INFO","time":"2024-04-02T01:50:30.713+0800","caller":"ginlog/ginlog.go:79","msg":"/member/login","status":401,"method":"POST","path":"/member/login","query":"","ip":"::1","user-agent":"PostmanRuntime/7.37.0","errors":"","cost":0.157430666}
{"level":"INFO","time":"2024-04-02T01:51:16.647+0800","caller":"ginlog/ginlog.go:79","msg":"/member/update_password","status":401,"method":"POST","path":"/member/update_password","query":"","ip":"::1","user-agent":"PostmanRuntime/7.37.0","errors":"","cost":0.549899833}
{"level":"INFO","time":"2024-04-02T01:51:27.016+0800","caller":"ginlog/ginlog.go:79","msg":"/member/update_password","status":200,"method":"POST","path":"/member/update_password","query":"","ip":"::1","user-agent":"PostmanRuntime/7.37.0","errors":"","cost":0.47940975}
{"level":"INFO","time":"2024-04-02T01:51:30.749+0800","caller":"ginlog/ginlog.go:79","msg":"/member/update_password","status":200,"method":"POST","path":"/member/update_password","query":"","ip":"::1","user-agent":"PostmanRuntime/7.37.0","errors":"","cost":0.474660541}
{"level":"INFO","time":"2024-04-02T01:51:40.330+0800","caller":"ginlog/ginlog.go:79","msg":"/member/update_password","status":400,"method":"POST","path":"/member/update_password","query":"","ip":"::1","user-agent":"PostmanRuntime/7.37.0","errors":"","cost":0.074921208}
{"level":"INFO","time":"2024-04-02T01:52:03.630+0800","caller":"ginlog/ginlog.go:79","msg":"/member/update_password","status":200,"method":"POST","path":"/member/update_password","query":"","ip":"::1","user-agent":"PostmanRuntime/7.37.0","errors":"","cost":0.791149916}
{"level":"INFO","time":"2024-04-02T01:52:28.392+0800","caller":"ginlog/ginlog.go:79","msg":"/member/update_password","status":400,"method":"POST","path":"/member/update_password","query":"","ip":"::1","user-agent":"PostmanRuntime/7.37.0","errors":"","cost":0.3815325}
{"level":"INFO","time":"2024-04-02T01:52:31.398+0800","caller":"ginlog/ginlog.go:79","msg":"/member/update_password","status":200,"method":"POST","path":"/member/update_password","query":"","ip":"::1","user-agent":"PostmanRuntime/7.37.0","errors":"","cost":0.473122458}
{"level":"INFO","time":"2024-04-02T01:52:36.043+0800","caller":"ginlog/ginlog.go:79","msg":"/member/login","status":200,"method":"POST","path":"/member/login","query":"","ip":"::1","user-agent":"PostmanRuntime/7.37.0","errors":"","cost":0.227942125}
{"level":"INFO","time":"2024-04-02T01:53:00.695+0800","caller":"ginlog/ginlog.go:79","msg":"/member/update_password","status":400,"method":"POST","path":"/member/update_password","query":"","ip":"::1","user-agent":"PostmanRuntime/7.37.0","errors":"","cost":0.414791}
{"level":"INFO","time":"2024-04-02T01:56:17.379+0800","caller":"ginlog/ginlog.go:79","msg":"/member/check_exists_id","status":200,"method":"POST","path":"/member/check_exists_id","query":"","ip":"::1","user-agent":"PostmanRuntime/7.37.0","errors":"","cost":0.083819375}
{"level":"INFO","time":"2024-04-02T01:59:27.091+0800","caller":"ginlog/ginlog.go:79","msg":"/member/check_exists_id","status":200,"method":"POST","path":"/member/check_exists_id","query":"","ip":"::1","user-agent":"PostmanRuntime/7.37.0","errors":"","cost":0.084181}
{"level":"INFO","time":"2024-04-02T01:59:32.667+0800","caller":"ginlog/ginlog.go:79","msg":"/member/login","status":200,"method":"POST","path":"/member/login","query":"","ip":"::1","user-agent":"PostmanRuntime/7.37.0","errors":"","cost":0.566734125}
{"level":"INFO","time":"2024-04-02T02:00:06.545+0800","caller":"ginlog/ginlog.go:79","msg":"/member/check_exists_id","status":200,"method":"POST","path":"/member/check_exists_id","query":"","ip":"::1","user-agent":"PostmanRuntime/7.37.0","errors":"","cost":0.083511125}
{"level":"INFO","time":"2024-04-02T02:00:47.395+0800","caller":"ginlog/ginlog.go:79","msg":"/member/check_exists_id","status":200,"method":"POST","path":"/member/check_exists_id","query":"","ip":"::1","user-agent":"PostmanRuntime/7.37.0","errors":"","cost":0.0801185}
{"level":"INFO","time":"2024-04-02T02:01:23.198+0800","caller":"ginlog/ginlog.go:79","msg":"/member/check_exists_id","status":200,"method":"POST","path":"/member/check_exists_id","query":"","ip":"::1","user-agent":"PostmanRuntime/7.37.0","errors":"","cost":0.085567}
{"level":"INFO","time":"2024-04-02T02:06:12.352+0800","caller":"ginlog/ginlog.go:79","msg":"/member/check_exists_id","status":200,"method":"POST","path":"/member/check_exists_id","query":"","ip":"::1","user-agent":"PostmanRuntime/7.37.0","errors":"","cost":0.080111542}
{"level":"INFO","time":"2024-04-02T02:06:34.014+0800","caller":"ginlog/ginlog.go:79","msg":"/member/check_exists_id","status":200,"method":"POST","path":"/member/check_exists_id","query":"","ip":"::1","user-agent":"PostmanRuntime/7.37.0","errors":"","cost":0.081146}
{"level":"INFO","time":"2024-04-02T02:07:07.842+0800","caller":"ginlog/ginlog.go:79","msg":"/member/check_exists_id","status":200,"method":"POST","path":"/member/check_exists_id","query":"","ip":"::1","user-agent":"PostmanRuntime/7.37.0","errors":"","cost":0.077955791}
{"level":"INFO","time":"2024-04-02T02:08:55.699+0800","caller":"ginlog/ginlog.go:79","msg":"/member/check_exists_id","status":401,"method":"POST","path":"/member/check_exists_id","query":"","ip":"::1","user-agent":"PostmanRuntime/7.37.0","errors":"","cost":0.16652175}
{"level":"INFO","time":"2024-04-02T02:09:23.036+0800","caller":"ginlog/ginlog.go:79","msg":"/member/check_exists_id","status":401,"method":"POST","path":"/member/check_exists_id","query":"","ip":"::1","user-agent":"PostmanRuntime/7.37.0","errors":"","cost":0.16165}
{"level":"INFO","time":"2024-04-02T02:09:26.077+0800","caller":"ginlog/ginlog.go:79","msg":"/member/check_exists_id","status":200,"method":"POST","path":"/member/check_exists_id","query":"","ip":"::1","user-agent":"PostmanRuntime/7.37.0","errors":"","cost":0.156280375}
{"level":"INFO","time":"2024-04-02T02:09:31.517+0800","caller":"ginlog/ginlog.go:79","msg":"/member/check_exists_id","status":401,"method":"POST","path":"/member/check_exists_id","query":"","ip":"::1","user-agent":"PostmanRuntime/7.37.0","errors":"","cost":0.152787125}
